TN:
SF:script/DeployPuppyRaffle.sol
FN:12,DeployPuppyRaffle.run
FNDA:0,DeployPuppyRaffle.run
DA:13,0
DA:15,0
DA:16,0
FNF:1
FNH:0
LF:3
LH:0
BRF:0
BRH:0
end_of_record
TN:
SF:src/PuppyRaffle.sol
FN:79,PuppyRaffle.enterRaffle
FNDA:18,PuppyRaffle.enterRaffle
DA:80,18
BRDA:80,0,0,2
BRDA:80,0,1,16
DA:81,16
DA:82,44
DA:86,16
DA:87,27
DA:88,50
BRDA:88,1,0,2
BRDA:88,1,1,48
DA:91,14
FN:96,PuppyRaffle.refund
FNDA:3,PuppyRaffle.refund
DA:97,3
DA:98,3
BRDA:98,2,0,1
BRDA:98,2,1,2
DA:99,2
BRDA:99,3,0,-
BRDA:99,3,1,2
DA:101,2
DA:103,2
DA:104,2
FN:110,PuppyRaffle.getActivePlayerIndex
FNDA:5,PuppyRaffle.getActivePlayerIndex
DA:111,5
DA:112,6
BRDA:112,4,0,5
BRDA:112,4,1,1
DA:113,5
DA:116,0
FN:125,PuppyRaffle.selectWinner
FNDA:7,PuppyRaffle.selectWinner
DA:126,7
BRDA:126,5,0,1
BRDA:126,5,1,6
DA:127,6
BRDA:127,6,0,1
BRDA:127,6,1,5
DA:128,5
DA:129,5
DA:130,5
DA:131,5
DA:132,5
DA:133,5
DA:134,5
DA:136,5
DA:139,5
DA:140,5
BRDA:140,7,0,5
BRDA:140,7,1,-
DA:141,5
DA:142,0
BRDA:142,8,0,-
BRDA:142,8,1,-
DA:143,0
DA:145,0
DA:148,5
DA:149,5
DA:150,5
DA:151,5
DA:152,5
BRDA:152,9,0,-
BRDA:152,9,1,5
DA:153,5
FN:157,PuppyRaffle.withdrawFees
FNDA:2,PuppyRaffle.withdrawFees
DA:158,2
BRDA:158,10,0,1
BRDA:158,10,1,1
DA:159,1
DA:160,1
DA:161,1
DA:162,1
BRDA:162,11,0,-
BRDA:162,11,1,1
FN:167,PuppyRaffle.changeFeeAddress
FNDA:0,PuppyRaffle.changeFeeAddress
DA:168,0
DA:169,0
FN:173,PuppyRaffle._isActivePlayer
FNDA:0,PuppyRaffle._isActivePlayer
DA:174,0
DA:175,0
BRDA:175,12,0,-
BRDA:175,12,1,-
DA:176,0
DA:179,0
FN:183,PuppyRaffle._baseURI
FNDA:1,PuppyRaffle._baseURI
DA:184,1
FN:189,PuppyRaffle.tokenURI
FNDA:1,PuppyRaffle.tokenURI
DA:190,1
BRDA:190,13,0,-
BRDA:190,13,1,1
DA:192,1
DA:193,1
DA:194,1
DA:196,1
FNF:9
FNH:7
LF:56
LH:46
BRF:28
BRH:19
end_of_record
